<?xml version="1.0" encoding="UTF-8"?>
<!-- Generated by org.testng.reporters.JUnitXMLReporter -->
<testsuite ignored="0" hostname="LeoPC" failures="0" tests="2" name="Error Validation Test" time="69.328" errors="0" timestamp="2025-03-21T12:19:35 CST">
  <testcase classname="rahulshettyacademy.tests.s20_ErrorValidation" name="LoginErrorValidation" time="1.272"/>
  <testcase classname="rahulshettyacademy.tests.s20_ErrorValidation" name="ProductErrorValidation" time="14.177"/>
</testsuite> <!-- Error Validation Test -->
